<?xml version="1.0" encoding="UTF-8"?>
<testsuite xmlns:xsi="http://www.w3.org/2001/XMLSchema-instance" xsi:noNamespaceSchemaLocation="https://maven.apache.org/surefire/maven-surefire-plugin/xsd/surefire-test-report-3.0.xsd" version="3.0" name="se.arbetsformedlingen.mqtest.MqtestApplicationTests" time="4.771" tests="2" errors="0" skipped="0" failures="0">
  <properties>
[...]
</properties>
  <testcase name="assert_running" classname="se.arbetsformedlingen.mqtest.MqtestApplicationTests" time="0.794">
    <system-out><![CDATA[11:17:59.882 [main] INFO org.testcontainers.utility.ImageNameSubstitutor -- Image name substitution will be performed by: DefaultImageNameSubstitutor (composite of 'ConfigurationFileImageNameSubstitutor' and 'PrefixingImageNameSubstitutor')
11:18:00.053 [main] INFO org.testcontainers.dockerclient.DockerClientProviderStrategy -- Loaded org.testcontainers.dockerclient.UnixSocketClientProviderStrategy from ~/.testcontainers.properties, will try it first
11:18:00.248 [main] INFO org.testcontainers.dockerclient.DockerClientProviderStrategy -- Found Docker environment with local Unix socket (unix:///var/run/docker.sock)
11:18:00.250 [main] INFO org.testcontainers.DockerClientFactory -- Docker host IP address is localhost
11:18:00.273 [main] INFO org.testcontainers.DockerClientFactory -- Connected to docker: 
  Server Version: 20.10.23
  API Version: 1.41
  Operating System: Docker Desktop
  Total Memory: 7859 MB
11:18:00.294 [main] INFO tc.testcontainers/ryuk:0.4.0 -- Creating container for image: testcontainers/ryuk:0.4.0
11:18:00.678 [main] INFO tc.testcontainers/ryuk:0.4.0 -- Container testcontainers/ryuk:0.4.0 is starting: af78dd93b565360611e747d00cfc6e5f2461c99b793c7dfe72743e73275eea94
11:18:01.077 [main] INFO tc.testcontainers/ryuk:0.4.0 -- Container testcontainers/ryuk:0.4.0 started in PT0.799739S
11:18:01.083 [main] INFO org.testcontainers.utility.RyukResourceReaper -- Ryuk started - will monitor and terminate Testcontainers containers on JVM exit
11:18:01.083 [main] INFO org.testcontainers.DockerClientFactory -- Checking the system...
11:18:01.083 [main] INFO org.testcontainers.DockerClientFactory -- ✔︎ Docker server version should be at least 1.6.0
11:18:01.084 [main] INFO tc.rmohr/activemq:5.15.9 -- Creating container for image: rmohr/activemq:5.15.9
11:18:01.116 [main] INFO tc.rmohr/activemq:5.15.9 -- Container rmohr/activemq:5.15.9 is starting: d9ad92cb3a78727905b8a476d014f20e27d169bcaf15f08cda0fd0f2d19744a7
11:18:02.790 [main] INFO tc.rmohr/activemq:5.15.9 -- Container rmohr/activemq:5.15.9 started in PT1.706265S
ActiveMQ running on localhost:56723
]]></system-out>
  </testcase>
  <testcase name="send_and_receive_messages" classname="se.arbetsformedlingen.mqtest.MqtestApplicationTests" time="0.365">
    <system-out><![CDATA[Sending text message 'Test message' to queue 'queue-2'
Received a message from queue 'queue-2' with text message 'Test message'
]]></system-out>
  </testcase>
</testsuite>